2020-09-10 17:04:49.194  INFO 18760 --- [restartedMain] com.myblog.blog.BlogApplication          : Starting BlogApplication on 4Godsake with PID 18760 (E:\Javaweb\myblog\target\classes started by 1 in E:\Javaweb\myblog)
2020-09-10 17:04:49.230 DEBUG 18760 --- [restartedMain] com.myblog.blog.BlogApplication          : Running with Spring Boot v2.3.3.RELEASE, Spring v5.2.8.RELEASE
2020-09-10 17:04:49.231  INFO 18760 --- [restartedMain] com.myblog.blog.BlogApplication          : No active profile set, falling back to default profiles: default
2020-09-10 17:04:49.358  INFO 18760 --- [restartedMain] .e.DevToolsPropertyDefaultsPostProcessor : Devtools property defaults active! Set 'spring.devtools.add-properties' to 'false' to disable
2020-09-10 17:04:49.359  INFO 18760 --- [restartedMain] .e.DevToolsPropertyDefaultsPostProcessor : For additional web related logging consider setting the 'logging.level.web' property to 'DEBUG'
2020-09-10 17:04:51.052  INFO 18760 --- [restartedMain] .s.d.r.c.RepositoryConfigurationDelegate : Bootstrapping Spring Data JPA repositories in DEFERRED mode.
2020-09-10 17:04:51.144  INFO 18760 --- [restartedMain] .s.d.r.c.RepositoryConfigurationDelegate : Finished Spring Data repository scanning in 82ms. Found 4 JPA repository interfaces.
2020-09-10 17:04:52.010  INFO 18760 --- [restartedMain] o.s.b.w.embedded.tomcat.TomcatWebServer  : Tomcat initialized with port(s): 8080 (http)
2020-09-10 17:04:52.024  INFO 18760 --- [restartedMain] o.apache.catalina.core.StandardService   : Starting service [Tomcat]
2020-09-10 17:04:52.024  INFO 18760 --- [restartedMain] org.apache.catalina.core.StandardEngine  : Starting Servlet engine: [Apache Tomcat/9.0.37]
2020-09-10 17:04:52.239  INFO 18760 --- [restartedMain] o.a.c.c.C.[Tomcat].[localhost].[/]       : Initializing Spring embedded WebApplicationContext
2020-09-10 17:04:52.240  INFO 18760 --- [restartedMain] w.s.c.ServletWebServerApplicationContext : Root WebApplicationContext: initialization completed in 2880 ms
2020-09-10 17:04:52.525  INFO 18760 --- [restartedMain] o.s.s.concurrent.ThreadPoolTaskExecutor  : Initializing ExecutorService 'applicationTaskExecutor'
2020-09-10 17:04:52.586  INFO 18760 --- [task-1] o.hibernate.jpa.internal.util.LogHelper  : HHH000204: Processing PersistenceUnitInfo [name: default]
2020-09-10 17:04:52.655  INFO 18760 --- [task-1] org.hibernate.Version                    : HHH000412: Hibernate ORM core version 5.4.20.Final
2020-09-10 17:04:52.720  WARN 18760 --- [restartedMain] JpaBaseConfiguration$JpaWebConfiguration : spring.jpa.open-in-view is enabled by default. Therefore, database queries may be performed during view rendering. Explicitly configure spring.jpa.open-in-view to disable this warning
2020-09-10 17:04:52.853  INFO 18760 --- [task-1] o.hibernate.annotations.common.Version   : HCANN000001: Hibernate Commons Annotations {5.1.0.Final}
2020-09-10 17:04:52.983  WARN 18760 --- [task-1] com.zaxxer.hikari.HikariConfig           : HikariPool-1 - idleTimeout is close to or more than maxLifetime, disabling it.
2020-09-10 17:04:52.984  INFO 18760 --- [task-1] com.zaxxer.hikari.HikariDataSource       : HikariPool-1 - Starting...
2020-09-10 17:04:53.157  INFO 18760 --- [restartedMain] o.s.b.a.w.s.WelcomePageHandlerMapping    : Adding welcome page template: index
2020-09-10 17:04:53.380  INFO 18760 --- [task-1] com.zaxxer.hikari.HikariDataSource       : HikariPool-1 - Start completed.
2020-09-10 17:04:53.412  INFO 18760 --- [task-1] org.hibernate.dialect.Dialect            : HHH000400: Using dialect: org.hibernate.dialect.MySQL55Dialect
2020-09-10 17:04:53.641  INFO 18760 --- [restartedMain] o.s.b.d.a.OptionalLiveReloadServer       : LiveReload server is running on port 35729
2020-09-10 17:04:53.693  INFO 18760 --- [restartedMain] o.s.b.w.embedded.tomcat.TomcatWebServer  : Tomcat started on port(s): 8080 (http) with context path ''
2020-09-10 17:04:53.695  INFO 18760 --- [restartedMain] DeferredRepositoryInitializationListener : Triggering deferred initialization of Spring Data repositories…
2020-09-10 17:04:54.958  INFO 18760 --- [task-1] o.h.e.t.j.p.i.JtaPlatformInitiator       : HHH000490: Using JtaPlatform implementation: [org.hibernate.engine.transaction.jta.platform.internal.NoJtaPlatform]
2020-09-10 17:04:54.965  INFO 18760 --- [task-1] j.LocalContainerEntityManagerFactoryBean : Initialized JPA EntityManagerFactory for persistence unit 'default'
2020-09-10 17:04:55.483  INFO 18760 --- [restartedMain] DeferredRepositoryInitializationListener : Spring Data repositories initialized!
2020-09-10 17:04:55.495  INFO 18760 --- [restartedMain] com.myblog.blog.BlogApplication          : Started BlogApplication in 7.043 seconds (JVM running for 10.116)
2020-09-10 22:21:32.861  INFO 11188 --- [restartedMain] com.myblog.blog.BlogApplication          : Starting BlogApplication on 4Godsake with PID 11188 (E:\Javaweb\myblog\target\classes started by 1 in E:\Javaweb\myblog)
2020-09-10 22:21:32.888 DEBUG 11188 --- [restartedMain] com.myblog.blog.BlogApplication          : Running with Spring Boot v2.3.3.RELEASE, Spring v5.2.8.RELEASE
2020-09-10 22:21:32.888  INFO 11188 --- [restartedMain] com.myblog.blog.BlogApplication          : No active profile set, falling back to default profiles: default
2020-09-10 22:21:32.939  INFO 11188 --- [restartedMain] .e.DevToolsPropertyDefaultsPostProcessor : Devtools property defaults active! Set 'spring.devtools.add-properties' to 'false' to disable
2020-09-10 22:21:32.939  INFO 11188 --- [restartedMain] .e.DevToolsPropertyDefaultsPostProcessor : For additional web related logging consider setting the 'logging.level.web' property to 'DEBUG'
2020-09-10 22:21:33.942  INFO 11188 --- [restartedMain] .s.d.r.c.RepositoryConfigurationDelegate : Bootstrapping Spring Data JPA repositories in DEFERRED mode.
2020-09-10 22:21:34.030  INFO 11188 --- [restartedMain] .s.d.r.c.RepositoryConfigurationDelegate : Finished Spring Data repository scanning in 78ms. Found 4 JPA repository interfaces.
2020-09-10 22:21:34.856  INFO 11188 --- [restartedMain] o.s.b.w.embedded.tomcat.TomcatWebServer  : Tomcat initialized with port(s): 8080 (http)
2020-09-10 22:21:34.867  INFO 11188 --- [restartedMain] o.apache.catalina.core.StandardService   : Starting service [Tomcat]
2020-09-10 22:21:34.868  INFO 11188 --- [restartedMain] org.apache.catalina.core.StandardEngine  : Starting Servlet engine: [Apache Tomcat/9.0.37]
2020-09-10 22:21:35.068  INFO 11188 --- [restartedMain] o.a.c.c.C.[Tomcat].[localhost].[/]       : Initializing Spring embedded WebApplicationContext
2020-09-10 22:21:35.068  INFO 11188 --- [restartedMain] w.s.c.ServletWebServerApplicationContext : Root WebApplicationContext: initialization completed in 2128 ms
2020-09-10 22:21:35.307  INFO 11188 --- [restartedMain] o.s.s.concurrent.ThreadPoolTaskExecutor  : Initializing ExecutorService 'applicationTaskExecutor'
2020-09-10 22:21:35.370  INFO 11188 --- [task-1] o.hibernate.jpa.internal.util.LogHelper  : HHH000204: Processing PersistenceUnitInfo [name: default]
2020-09-10 22:21:35.438  INFO 11188 --- [task-1] org.hibernate.Version                    : HHH000412: Hibernate ORM core version 5.4.20.Final
2020-09-10 22:21:35.518  WARN 11188 --- [restartedMain] JpaBaseConfiguration$JpaWebConfiguration : spring.jpa.open-in-view is enabled by default. Therefore, database queries may be performed during view rendering. Explicitly configure spring.jpa.open-in-view to disable this warning
2020-09-10 22:21:35.621  INFO 11188 --- [task-1] o.hibernate.annotations.common.Version   : HCANN000001: Hibernate Commons Annotations {5.1.0.Final}
2020-09-10 22:21:35.747  WARN 11188 --- [task-1] com.zaxxer.hikari.HikariConfig           : HikariPool-1 - idleTimeout is close to or more than maxLifetime, disabling it.
2020-09-10 22:21:35.748  INFO 11188 --- [task-1] com.zaxxer.hikari.HikariDataSource       : HikariPool-1 - Starting...
2020-09-10 22:21:35.928  INFO 11188 --- [restartedMain] o.s.b.a.w.s.WelcomePageHandlerMapping    : Adding welcome page template: index
2020-09-10 22:21:36.128  INFO 11188 --- [task-1] com.zaxxer.hikari.HikariDataSource       : HikariPool-1 - Start completed.
2020-09-10 22:21:36.146  INFO 11188 --- [task-1] org.hibernate.dialect.Dialect            : HHH000400: Using dialect: org.hibernate.dialect.MySQL55Dialect
2020-09-10 22:21:36.363  INFO 11188 --- [restartedMain] o.s.b.d.a.OptionalLiveReloadServer       : LiveReload server is running on port 35729
2020-09-10 22:21:36.414  INFO 11188 --- [restartedMain] o.s.b.w.embedded.tomcat.TomcatWebServer  : Tomcat started on port(s): 8080 (http) with context path ''
2020-09-10 22:21:36.416  INFO 11188 --- [restartedMain] DeferredRepositoryInitializationListener : Triggering deferred initialization of Spring Data repositories…
2020-09-10 22:21:37.644  INFO 11188 --- [task-1] o.h.e.t.j.p.i.JtaPlatformInitiator       : HHH000490: Using JtaPlatform implementation: [org.hibernate.engine.transaction.jta.platform.internal.NoJtaPlatform]
2020-09-10 22:21:37.651  INFO 11188 --- [task-1] j.LocalContainerEntityManagerFactoryBean : Initialized JPA EntityManagerFactory for persistence unit 'default'
2020-09-10 22:21:38.051  INFO 11188 --- [restartedMain] DeferredRepositoryInitializationListener : Spring Data repositories initialized!
2020-09-10 22:21:38.061  INFO 11188 --- [restartedMain] com.myblog.blog.BlogApplication          : Started BlogApplication in 5.662 seconds (JVM running for 7.878)
2020-09-10 22:26:19.813  INFO 11188 --- [http-nio-8080-exec-1] o.a.c.c.C.[Tomcat].[localhost].[/]       : Initializing Spring DispatcherServlet 'dispatcherServlet'
2020-09-10 22:26:19.814  INFO 11188 --- [http-nio-8080-exec-1] o.s.web.servlet.DispatcherServlet        : Initializing Servlet 'dispatcherServlet'
2020-09-10 22:26:19.829  INFO 11188 --- [http-nio-8080-exec-1] o.s.web.servlet.DispatcherServlet        : Completed initialization in 15 ms
2020-09-10 22:26:20.533  WARN 11188 --- [http-nio-8080-exec-2] o.a.c.util.SessionIdGeneratorBase        : Creation of SecureRandom instance for session ID generation using [SHA1PRNG] took [637] milliseconds.
2020-09-10 22:28:08.889  INFO 27472 --- [restartedMain] com.myblog.blog.BlogApplication          : Starting BlogApplication on 4Godsake with PID 27472 (E:\Javaweb\myblog\target\classes started by 1 in E:\Javaweb\myblog)
2020-09-10 22:28:08.893 DEBUG 27472 --- [restartedMain] com.myblog.blog.BlogApplication          : Running with Spring Boot v2.3.3.RELEASE, Spring v5.2.8.RELEASE
2020-09-10 22:28:08.893  INFO 27472 --- [restartedMain] com.myblog.blog.BlogApplication          : No active profile set, falling back to default profiles: default
2020-09-10 22:28:08.969  INFO 27472 --- [restartedMain] .e.DevToolsPropertyDefaultsPostProcessor : Devtools property defaults active! Set 'spring.devtools.add-properties' to 'false' to disable
2020-09-10 22:28:08.970  INFO 27472 --- [restartedMain] .e.DevToolsPropertyDefaultsPostProcessor : For additional web related logging consider setting the 'logging.level.web' property to 'DEBUG'
2020-09-10 22:28:09.708  INFO 27472 --- [restartedMain] .s.d.r.c.RepositoryConfigurationDelegate : Bootstrapping Spring Data JPA repositories in DEFERRED mode.
2020-09-10 22:28:09.790  INFO 27472 --- [restartedMain] .s.d.r.c.RepositoryConfigurationDelegate : Finished Spring Data repository scanning in 73ms. Found 4 JPA repository interfaces.
2020-09-10 22:28:10.609  INFO 27472 --- [restartedMain] o.s.b.w.embedded.tomcat.TomcatWebServer  : Tomcat initialized with port(s): 8080 (http)
2020-09-10 22:28:10.619  INFO 27472 --- [restartedMain] o.apache.catalina.core.StandardService   : Starting service [Tomcat]
2020-09-10 22:28:10.619  INFO 27472 --- [restartedMain] org.apache.catalina.core.StandardEngine  : Starting Servlet engine: [Apache Tomcat/9.0.37]
2020-09-10 22:28:10.814  INFO 27472 --- [restartedMain] o.a.c.c.C.[Tomcat].[localhost].[/]       : Initializing Spring embedded WebApplicationContext
2020-09-10 22:28:10.814  INFO 27472 --- [restartedMain] w.s.c.ServletWebServerApplicationContext : Root WebApplicationContext: initialization completed in 1844 ms
2020-09-10 22:28:11.037  INFO 27472 --- [restartedMain] o.s.s.concurrent.ThreadPoolTaskExecutor  : Initializing ExecutorService 'applicationTaskExecutor'
2020-09-10 22:28:11.089  INFO 27472 --- [task-1] o.hibernate.jpa.internal.util.LogHelper  : HHH000204: Processing PersistenceUnitInfo [name: default]
2020-09-10 22:28:11.134  INFO 27472 --- [task-1] org.hibernate.Version                    : HHH000412: Hibernate ORM core version 5.4.20.Final
2020-09-10 22:28:11.209  WARN 27472 --- [restartedMain] JpaBaseConfiguration$JpaWebConfiguration : spring.jpa.open-in-view is enabled by default. Therefore, database queries may be performed during view rendering. Explicitly configure spring.jpa.open-in-view to disable this warning
2020-09-10 22:28:11.240  INFO 27472 --- [task-1] o.hibernate.annotations.common.Version   : HCANN000001: Hibernate Commons Annotations {5.1.0.Final}
2020-09-10 22:28:11.341  WARN 27472 --- [task-1] com.zaxxer.hikari.HikariConfig           : HikariPool-1 - idleTimeout is close to or more than maxLifetime, disabling it.
2020-09-10 22:28:11.342  INFO 27472 --- [task-1] com.zaxxer.hikari.HikariDataSource       : HikariPool-1 - Starting...
2020-09-10 22:28:11.584  INFO 27472 --- [restartedMain] o.s.b.a.w.s.WelcomePageHandlerMapping    : Adding welcome page template: index
2020-09-10 22:28:11.775  INFO 27472 --- [task-1] com.zaxxer.hikari.HikariDataSource       : HikariPool-1 - Start completed.
2020-09-10 22:28:11.794  INFO 27472 --- [task-1] org.hibernate.dialect.Dialect            : HHH000400: Using dialect: org.hibernate.dialect.MySQL55Dialect
2020-09-10 22:28:12.051  INFO 27472 --- [restartedMain] o.s.b.d.a.OptionalLiveReloadServer       : LiveReload server is running on port 35729
2020-09-10 22:28:12.100  INFO 27472 --- [restartedMain] o.s.b.w.embedded.tomcat.TomcatWebServer  : Tomcat started on port(s): 8080 (http) with context path ''
2020-09-10 22:28:12.102  INFO 27472 --- [restartedMain] DeferredRepositoryInitializationListener : Triggering deferred initialization of Spring Data repositories…
2020-09-10 22:28:13.424  INFO 27472 --- [task-1] o.h.e.t.j.p.i.JtaPlatformInitiator       : HHH000490: Using JtaPlatform implementation: [org.hibernate.engine.transaction.jta.platform.internal.NoJtaPlatform]
2020-09-10 22:28:13.430  INFO 27472 --- [task-1] j.LocalContainerEntityManagerFactoryBean : Initialized JPA EntityManagerFactory for persistence unit 'default'
2020-09-10 22:28:13.807  INFO 27472 --- [restartedMain] DeferredRepositoryInitializationListener : Spring Data repositories initialized!
2020-09-10 22:28:13.820  INFO 27472 --- [restartedMain] com.myblog.blog.BlogApplication          : Started BlogApplication in 5.474 seconds (JVM running for 7.368)
2020-09-10 22:28:18.418  INFO 27472 --- [http-nio-8080-exec-1] o.a.c.c.C.[Tomcat].[localhost].[/]       : Initializing Spring DispatcherServlet 'dispatcherServlet'
2020-09-10 22:28:18.419  INFO 27472 --- [http-nio-8080-exec-1] o.s.web.servlet.DispatcherServlet        : Initializing Servlet 'dispatcherServlet'
2020-09-10 22:28:18.435  INFO 27472 --- [http-nio-8080-exec-1] o.s.web.servlet.DispatcherServlet        : Completed initialization in 16 ms
2020-09-10 22:28:19.073  WARN 27472 --- [http-nio-8080-exec-1] o.a.c.util.SessionIdGeneratorBase        : Creation of SecureRandom instance for session ID generation using [SHA1PRNG] took [619] milliseconds.
2020-09-10 22:28:46.337  INFO 18768 --- [restartedMain] com.myblog.blog.BlogApplication          : Starting BlogApplication on 4Godsake with PID 18768 (E:\Javaweb\myblog\target\classes started by 1 in E:\Javaweb\myblog)
2020-09-10 22:28:46.341 DEBUG 18768 --- [restartedMain] com.myblog.blog.BlogApplication          : Running with Spring Boot v2.3.3.RELEASE, Spring v5.2.8.RELEASE
2020-09-10 22:28:46.342  INFO 18768 --- [restartedMain] com.myblog.blog.BlogApplication          : No active profile set, falling back to default profiles: default
2020-09-10 22:28:46.411  INFO 18768 --- [restartedMain] .e.DevToolsPropertyDefaultsPostProcessor : Devtools property defaults active! Set 'spring.devtools.add-properties' to 'false' to disable
2020-09-10 22:28:46.411  INFO 18768 --- [restartedMain] .e.DevToolsPropertyDefaultsPostProcessor : For additional web related logging consider setting the 'logging.level.web' property to 'DEBUG'
2020-09-10 22:28:47.054  INFO 18768 --- [restartedMain] .s.d.r.c.RepositoryConfigurationDelegate : Bootstrapping Spring Data JPA repositories in DEFERRED mode.
2020-09-10 22:28:47.129  INFO 18768 --- [restartedMain] .s.d.r.c.RepositoryConfigurationDelegate : Finished Spring Data repository scanning in 67ms. Found 4 JPA repository interfaces.
2020-09-10 22:28:48.007  INFO 18768 --- [restartedMain] o.s.b.w.embedded.tomcat.TomcatWebServer  : Tomcat initialized with port(s): 8080 (http)
2020-09-10 22:28:48.024  INFO 18768 --- [restartedMain] o.apache.catalina.core.StandardService   : Starting service [Tomcat]
2020-09-10 22:28:48.025  INFO 18768 --- [restartedMain] org.apache.catalina.core.StandardEngine  : Starting Servlet engine: [Apache Tomcat/9.0.37]
2020-09-10 22:28:48.276  INFO 18768 --- [restartedMain] o.a.c.c.C.[Tomcat].[localhost].[/]       : Initializing Spring embedded WebApplicationContext
2020-09-10 22:28:48.277  INFO 18768 --- [restartedMain] w.s.c.ServletWebServerApplicationContext : Root WebApplicationContext: initialization completed in 1866 ms
2020-09-10 22:28:48.513  INFO 18768 --- [restartedMain] o.s.s.concurrent.ThreadPoolTaskExecutor  : Initializing ExecutorService 'applicationTaskExecutor'
2020-09-10 22:28:48.566  INFO 18768 --- [task-1] o.hibernate.jpa.internal.util.LogHelper  : HHH000204: Processing PersistenceUnitInfo [name: default]
2020-09-10 22:28:48.611  INFO 18768 --- [task-1] org.hibernate.Version                    : HHH000412: Hibernate ORM core version 5.4.20.Final
2020-09-10 22:28:48.684  WARN 18768 --- [restartedMain] JpaBaseConfiguration$JpaWebConfiguration : spring.jpa.open-in-view is enabled by default. Therefore, database queries may be performed during view rendering. Explicitly configure spring.jpa.open-in-view to disable this warning
2020-09-10 22:28:48.727  INFO 18768 --- [task-1] o.hibernate.annotations.common.Version   : HCANN000001: Hibernate Commons Annotations {5.1.0.Final}
2020-09-10 22:28:48.818  WARN 18768 --- [task-1] com.zaxxer.hikari.HikariConfig           : HikariPool-1 - idleTimeout is close to or more than maxLifetime, disabling it.
2020-09-10 22:28:48.818  INFO 18768 --- [task-1] com.zaxxer.hikari.HikariDataSource       : HikariPool-1 - Starting...
2020-09-10 22:28:48.999  INFO 18768 --- [restartedMain] o.s.b.a.w.s.WelcomePageHandlerMapping    : Adding welcome page template: index
2020-09-10 22:28:49.272  INFO 18768 --- [task-1] com.zaxxer.hikari.HikariDataSource       : HikariPool-1 - Start completed.
2020-09-10 22:28:49.289  INFO 18768 --- [task-1] org.hibernate.dialect.Dialect            : HHH000400: Using dialect: org.hibernate.dialect.MySQL55Dialect
2020-09-10 22:28:49.408  INFO 18768 --- [restartedMain] o.s.b.d.a.OptionalLiveReloadServer       : LiveReload server is running on port 35729
2020-09-10 22:28:49.454  INFO 18768 --- [restartedMain] o.s.b.w.embedded.tomcat.TomcatWebServer  : Tomcat started on port(s): 8080 (http) with context path ''
2020-09-10 22:28:49.456  INFO 18768 --- [restartedMain] DeferredRepositoryInitializationListener : Triggering deferred initialization of Spring Data repositories…
2020-09-10 22:28:51.040  INFO 18768 --- [task-1] o.h.e.t.j.p.i.JtaPlatformInitiator       : HHH000490: Using JtaPlatform implementation: [org.hibernate.engine.transaction.jta.platform.internal.NoJtaPlatform]
2020-09-10 22:28:51.049  INFO 18768 --- [task-1] j.LocalContainerEntityManagerFactoryBean : Initialized JPA EntityManagerFactory for persistence unit 'default'
2020-09-10 22:28:51.675  INFO 18768 --- [restartedMain] DeferredRepositoryInitializationListener : Spring Data repositories initialized!
2020-09-10 22:28:51.690  INFO 18768 --- [restartedMain] com.myblog.blog.BlogApplication          : Started BlogApplication in 6.029 seconds (JVM running for 8.311)
2020-09-10 22:28:53.465  INFO 18768 --- [http-nio-8080-exec-1] o.a.c.c.C.[Tomcat].[localhost].[/]       : Initializing Spring DispatcherServlet 'dispatcherServlet'
2020-09-10 22:28:53.466  INFO 18768 --- [http-nio-8080-exec-1] o.s.web.servlet.DispatcherServlet        : Initializing Servlet 'dispatcherServlet'
2020-09-10 22:28:53.481  INFO 18768 --- [http-nio-8080-exec-1] o.s.web.servlet.DispatcherServlet        : Completed initialization in 15 ms
2020-09-10 22:28:54.335  WARN 18768 --- [http-nio-8080-exec-1] o.a.c.util.SessionIdGeneratorBase        : Creation of SecureRandom instance for session ID generation using [SHA1PRNG] took [832] milliseconds.
2020-09-10 22:29:45.316  INFO 26584 --- [restartedMain] com.myblog.blog.BlogApplication          : Starting BlogApplication on 4Godsake with PID 26584 (E:\Javaweb\myblog\target\classes started by 1 in E:\Javaweb\myblog)
2020-09-10 22:29:45.320 DEBUG 26584 --- [restartedMain] com.myblog.blog.BlogApplication          : Running with Spring Boot v2.3.3.RELEASE, Spring v5.2.8.RELEASE
2020-09-10 22:29:45.324  INFO 26584 --- [restartedMain] com.myblog.blog.BlogApplication          : No active profile set, falling back to default profiles: default
2020-09-10 22:29:45.412  INFO 26584 --- [restartedMain] .e.DevToolsPropertyDefaultsPostProcessor : Devtools property defaults active! Set 'spring.devtools.add-properties' to 'false' to disable
2020-09-10 22:29:45.413  INFO 26584 --- [restartedMain] .e.DevToolsPropertyDefaultsPostProcessor : For additional web related logging consider setting the 'logging.level.web' property to 'DEBUG'
2020-09-10 22:29:46.155  INFO 26584 --- [restartedMain] .s.d.r.c.RepositoryConfigurationDelegate : Bootstrapping Spring Data JPA repositories in DEFERRED mode.
2020-09-10 22:29:46.228  INFO 26584 --- [restartedMain] .s.d.r.c.RepositoryConfigurationDelegate : Finished Spring Data repository scanning in 66ms. Found 4 JPA repository interfaces.
2020-09-10 22:29:46.985  INFO 26584 --- [restartedMain] o.s.b.w.embedded.tomcat.TomcatWebServer  : Tomcat initialized with port(s): 8080 (http)
2020-09-10 22:29:46.994  INFO 26584 --- [restartedMain] o.apache.catalina.core.StandardService   : Starting service [Tomcat]
2020-09-10 22:29:46.995  INFO 26584 --- [restartedMain] org.apache.catalina.core.StandardEngine  : Starting Servlet engine: [Apache Tomcat/9.0.37]
2020-09-10 22:29:47.212  INFO 26584 --- [restartedMain] o.a.c.c.C.[Tomcat].[localhost].[/]       : Initializing Spring embedded WebApplicationContext
2020-09-10 22:29:47.213  INFO 26584 --- [restartedMain] w.s.c.ServletWebServerApplicationContext : Root WebApplicationContext: initialization completed in 1800 ms
2020-09-10 22:29:47.463  INFO 26584 --- [restartedMain] o.s.s.concurrent.ThreadPoolTaskExecutor  : Initializing ExecutorService 'applicationTaskExecutor'
2020-09-10 22:29:47.521  INFO 26584 --- [task-1] o.hibernate.jpa.internal.util.LogHelper  : HHH000204: Processing PersistenceUnitInfo [name: default]
2020-09-10 22:29:47.574  INFO 26584 --- [task-1] org.hibernate.Version                    : HHH000412: Hibernate ORM core version 5.4.20.Final
2020-09-10 22:29:47.661  WARN 26584 --- [restartedMain] JpaBaseConfiguration$JpaWebConfiguration : spring.jpa.open-in-view is enabled by default. Therefore, database queries may be performed during view rendering. Explicitly configure spring.jpa.open-in-view to disable this warning
2020-09-10 22:29:47.698  INFO 26584 --- [task-1] o.hibernate.annotations.common.Version   : HCANN000001: Hibernate Commons Annotations {5.1.0.Final}
2020-09-10 22:29:47.805  WARN 26584 --- [task-1] com.zaxxer.hikari.HikariConfig           : HikariPool-1 - idleTimeout is close to or more than maxLifetime, disabling it.
2020-09-10 22:29:47.805  INFO 26584 --- [task-1] com.zaxxer.hikari.HikariDataSource       : HikariPool-1 - Starting...
2020-09-10 22:29:48.135  INFO 26584 --- [restartedMain] o.s.b.a.w.s.WelcomePageHandlerMapping    : Adding welcome page template: index
2020-09-10 22:29:48.224  INFO 26584 --- [task-1] com.zaxxer.hikari.HikariDataSource       : HikariPool-1 - Start completed.
2020-09-10 22:29:48.238  INFO 26584 --- [task-1] org.hibernate.dialect.Dialect            : HHH000400: Using dialect: org.hibernate.dialect.MySQL55Dialect
2020-09-10 22:29:48.631  INFO 26584 --- [restartedMain] o.s.b.d.a.OptionalLiveReloadServer       : LiveReload server is running on port 35729
2020-09-10 22:29:48.687  INFO 26584 --- [restartedMain] o.s.b.w.embedded.tomcat.TomcatWebServer  : Tomcat started on port(s): 8080 (http) with context path ''
2020-09-10 22:29:48.690  INFO 26584 --- [restartedMain] DeferredRepositoryInitializationListener : Triggering deferred initialization of Spring Data repositories…
2020-09-10 22:29:49.771  INFO 26584 --- [task-1] o.h.e.t.j.p.i.JtaPlatformInitiator       : HHH000490: Using JtaPlatform implementation: [org.hibernate.engine.transaction.jta.platform.internal.NoJtaPlatform]
2020-09-10 22:29:49.779  INFO 26584 --- [task-1] j.LocalContainerEntityManagerFactoryBean : Initialized JPA EntityManagerFactory for persistence unit 'default'
2020-09-10 22:29:50.195  INFO 26584 --- [restartedMain] DeferredRepositoryInitializationListener : Spring Data repositories initialized!
2020-09-10 22:29:50.205  INFO 26584 --- [restartedMain] com.myblog.blog.BlogApplication          : Started BlogApplication in 5.576 seconds (JVM running for 7.65)
2020-09-10 22:29:55.924  INFO 26584 --- [http-nio-8080-exec-1] o.a.c.c.C.[Tomcat].[localhost].[/]       : Initializing Spring DispatcherServlet 'dispatcherServlet'
2020-09-10 22:29:55.925  INFO 26584 --- [http-nio-8080-exec-1] o.s.web.servlet.DispatcherServlet        : Initializing Servlet 'dispatcherServlet'
2020-09-10 22:29:55.943  INFO 26584 --- [http-nio-8080-exec-1] o.s.web.servlet.DispatcherServlet        : Completed initialization in 18 ms
2020-09-10 22:29:56.597  WARN 26584 --- [http-nio-8080-exec-1] o.a.c.util.SessionIdGeneratorBase        : Creation of SecureRandom instance for session ID generation using [SHA1PRNG] took [638] milliseconds.
2020-09-10 22:30:56.822  INFO 15216 --- [restartedMain] com.myblog.blog.BlogApplication          : Starting BlogApplication on 4Godsake with PID 15216 (E:\Javaweb\myblog\target\classes started by 1 in E:\Javaweb\myblog)
2020-09-10 22:30:56.826 DEBUG 15216 --- [restartedMain] com.myblog.blog.BlogApplication          : Running with Spring Boot v2.3.3.RELEASE, Spring v5.2.8.RELEASE
2020-09-10 22:30:56.828  INFO 15216 --- [restartedMain] com.myblog.blog.BlogApplication          : No active profile set, falling back to default profiles: default
2020-09-10 22:30:56.912  INFO 15216 --- [restartedMain] .e.DevToolsPropertyDefaultsPostProcessor : Devtools property defaults active! Set 'spring.devtools.add-properties' to 'false' to disable
2020-09-10 22:30:56.912  INFO 15216 --- [restartedMain] .e.DevToolsPropertyDefaultsPostProcessor : For additional web related logging consider setting the 'logging.level.web' property to 'DEBUG'
2020-09-10 22:30:57.639  INFO 15216 --- [restartedMain] .s.d.r.c.RepositoryConfigurationDelegate : Bootstrapping Spring Data JPA repositories in DEFERRED mode.
2020-09-10 22:30:57.710  INFO 15216 --- [restartedMain] .s.d.r.c.RepositoryConfigurationDelegate : Finished Spring Data repository scanning in 65ms. Found 4 JPA repository interfaces.
2020-09-10 22:30:58.421  INFO 15216 --- [restartedMain] o.s.b.w.embedded.tomcat.TomcatWebServer  : Tomcat initialized with port(s): 8080 (http)
2020-09-10 22:30:58.432  INFO 15216 --- [restartedMain] o.apache.catalina.core.StandardService   : Starting service [Tomcat]
2020-09-10 22:30:58.432  INFO 15216 --- [restartedMain] org.apache.catalina.core.StandardEngine  : Starting Servlet engine: [Apache Tomcat/9.0.37]
2020-09-10 22:30:58.654  INFO 15216 --- [restartedMain] o.a.c.c.C.[Tomcat].[localhost].[/]       : Initializing Spring embedded WebApplicationContext
2020-09-10 22:30:58.654  INFO 15216 --- [restartedMain] w.s.c.ServletWebServerApplicationContext : Root WebApplicationContext: initialization completed in 1741 ms
2020-09-10 22:30:58.906  INFO 15216 --- [restartedMain] o.s.s.concurrent.ThreadPoolTaskExecutor  : Initializing ExecutorService 'applicationTaskExecutor'
2020-09-10 22:30:58.963  INFO 15216 --- [task-1] o.hibernate.jpa.internal.util.LogHelper  : HHH000204: Processing PersistenceUnitInfo [name: default]
2020-09-10 22:30:59.018  INFO 15216 --- [task-1] org.hibernate.Version                    : HHH000412: Hibernate ORM core version 5.4.20.Final
2020-09-10 22:30:59.105  WARN 15216 --- [restartedMain] JpaBaseConfiguration$JpaWebConfiguration : spring.jpa.open-in-view is enabled by default. Therefore, database queries may be performed during view rendering. Explicitly configure spring.jpa.open-in-view to disable this warning
2020-09-10 22:30:59.157  INFO 15216 --- [task-1] o.hibernate.annotations.common.Version   : HCANN000001: Hibernate Commons Annotations {5.1.0.Final}
2020-09-10 22:30:59.296  WARN 15216 --- [task-1] com.zaxxer.hikari.HikariConfig           : HikariPool-1 - idleTimeout is close to or more than maxLifetime, disabling it.
2020-09-10 22:30:59.297  INFO 15216 --- [task-1] com.zaxxer.hikari.HikariDataSource       : HikariPool-1 - Starting...
2020-09-10 22:30:59.589  INFO 15216 --- [restartedMain] o.s.b.a.w.s.WelcomePageHandlerMapping    : Adding welcome page template: index
2020-09-10 22:30:59.797  INFO 15216 --- [task-1] com.zaxxer.hikari.HikariDataSource       : HikariPool-1 - Start completed.
2020-09-10 22:30:59.832  INFO 15216 --- [task-1] org.hibernate.dialect.Dialect            : HHH000400: Using dialect: org.hibernate.dialect.MySQL55Dialect
2020-09-10 22:31:00.146  INFO 15216 --- [restartedMain] o.s.b.d.a.OptionalLiveReloadServer       : LiveReload server is running on port 35729
2020-09-10 22:31:00.241  INFO 15216 --- [restartedMain] o.s.b.w.embedded.tomcat.TomcatWebServer  : Tomcat started on port(s): 8080 (http) with context path ''
2020-09-10 22:31:00.243  INFO 15216 --- [restartedMain] DeferredRepositoryInitializationListener : Triggering deferred initialization of Spring Data repositories…
2020-09-10 22:31:01.862  INFO 15216 --- [task-1] o.h.e.t.j.p.i.JtaPlatformInitiator       : HHH000490: Using JtaPlatform implementation: [org.hibernate.engine.transaction.jta.platform.internal.NoJtaPlatform]
2020-09-10 22:31:01.872  INFO 15216 --- [task-1] j.LocalContainerEntityManagerFactoryBean : Initialized JPA EntityManagerFactory for persistence unit 'default'
2020-09-10 22:31:02.327  INFO 15216 --- [restartedMain] DeferredRepositoryInitializationListener : Spring Data repositories initialized!
2020-09-10 22:31:02.339  INFO 15216 --- [restartedMain] com.myblog.blog.BlogApplication          : Started BlogApplication in 6.556 seconds (JVM running for 8.711)
2020-09-10 22:31:04.942  INFO 15216 --- [http-nio-8080-exec-1] o.a.c.c.C.[Tomcat].[localhost].[/]       : Initializing Spring DispatcherServlet 'dispatcherServlet'
2020-09-10 22:31:04.942  INFO 15216 --- [http-nio-8080-exec-1] o.s.web.servlet.DispatcherServlet        : Initializing Servlet 'dispatcherServlet'
2020-09-10 22:31:04.958  INFO 15216 --- [http-nio-8080-exec-1] o.s.web.servlet.DispatcherServlet        : Completed initialization in 16 ms
2020-09-10 22:31:05.675  WARN 15216 --- [http-nio-8080-exec-1] o.a.c.util.SessionIdGeneratorBase        : Creation of SecureRandom instance for session ID generation using [SHA1PRNG] took [702] milliseconds.
2020-09-10 22:34:34.813  INFO 7680 --- [restartedMain] com.myblog.blog.BlogApplication          : Starting BlogApplication on 4Godsake with PID 7680 (E:\Javaweb\myblog\target\classes started by 1 in E:\Javaweb\myblog)
2020-09-10 22:34:34.816 DEBUG 7680 --- [restartedMain] com.myblog.blog.BlogApplication          : Running with Spring Boot v2.3.3.RELEASE, Spring v5.2.8.RELEASE
2020-09-10 22:34:34.817  INFO 7680 --- [restartedMain] com.myblog.blog.BlogApplication          : No active profile set, falling back to default profiles: default
2020-09-10 22:34:34.875  INFO 7680 --- [restartedMain] .e.DevToolsPropertyDefaultsPostProcessor : Devtools property defaults active! Set 'spring.devtools.add-properties' to 'false' to disable
2020-09-10 22:34:34.875  INFO 7680 --- [restartedMain] .e.DevToolsPropertyDefaultsPostProcessor : For additional web related logging consider setting the 'logging.level.web' property to 'DEBUG'
2020-09-10 22:34:35.558  INFO 7680 --- [restartedMain] .s.d.r.c.RepositoryConfigurationDelegate : Bootstrapping Spring Data JPA repositories in DEFERRED mode.
2020-09-10 22:34:35.637  INFO 7680 --- [restartedMain] .s.d.r.c.RepositoryConfigurationDelegate : Finished Spring Data repository scanning in 70ms. Found 4 JPA repository interfaces.
2020-09-10 22:34:36.396  INFO 7680 --- [restartedMain] o.s.b.w.embedded.tomcat.TomcatWebServer  : Tomcat initialized with port(s): 8080 (http)
2020-09-10 22:34:36.409  INFO 7680 --- [restartedMain] o.apache.catalina.core.StandardService   : Starting service [Tomcat]
2020-09-10 22:34:36.409  INFO 7680 --- [restartedMain] org.apache.catalina.core.StandardEngine  : Starting Servlet engine: [Apache Tomcat/9.0.37]
2020-09-10 22:34:36.616  INFO 7680 --- [restartedMain] o.a.c.c.C.[Tomcat].[localhost].[/]       : Initializing Spring embedded WebApplicationContext
2020-09-10 22:34:36.617  INFO 7680 --- [restartedMain] w.s.c.ServletWebServerApplicationContext : Root WebApplicationContext: initialization completed in 1742 ms
2020-09-10 22:34:36.826  INFO 7680 --- [restartedMain] o.s.s.concurrent.ThreadPoolTaskExecutor  : Initializing ExecutorService 'applicationTaskExecutor'
2020-09-10 22:34:36.880  INFO 7680 --- [task-1] o.hibernate.jpa.internal.util.LogHelper  : HHH000204: Processing PersistenceUnitInfo [name: default]
2020-09-10 22:34:36.936  INFO 7680 --- [task-1] org.hibernate.Version                    : HHH000412: Hibernate ORM core version 5.4.20.Final
2020-09-10 22:34:37.024  WARN 7680 --- [restartedMain] JpaBaseConfiguration$JpaWebConfiguration : spring.jpa.open-in-view is enabled by default. Therefore, database queries may be performed during view rendering. Explicitly configure spring.jpa.open-in-view to disable this warning
2020-09-10 22:34:37.066  INFO 7680 --- [task-1] o.hibernate.annotations.common.Version   : HCANN000001: Hibernate Commons Annotations {5.1.0.Final}
2020-09-10 22:34:37.165  WARN 7680 --- [task-1] com.zaxxer.hikari.HikariConfig           : HikariPool-1 - idleTimeout is close to or more than maxLifetime, disabling it.
2020-09-10 22:34:37.165  INFO 7680 --- [task-1] com.zaxxer.hikari.HikariDataSource       : HikariPool-1 - Starting...
2020-09-10 22:34:37.354  INFO 7680 --- [restartedMain] o.s.b.a.w.s.WelcomePageHandlerMapping    : Adding welcome page template: index
2020-09-10 22:34:37.631  INFO 7680 --- [task-1] com.zaxxer.hikari.HikariDataSource       : HikariPool-1 - Start completed.
2020-09-10 22:34:37.645  INFO 7680 --- [task-1] org.hibernate.dialect.Dialect            : HHH000400: Using dialect: org.hibernate.dialect.MySQL55Dialect
2020-09-10 22:34:37.771  INFO 7680 --- [restartedMain] o.s.b.d.a.OptionalLiveReloadServer       : LiveReload server is running on port 35729
2020-09-10 22:34:37.821  INFO 7680 --- [restartedMain] o.s.b.w.embedded.tomcat.TomcatWebServer  : Tomcat started on port(s): 8080 (http) with context path ''
2020-09-10 22:34:37.822  INFO 7680 --- [restartedMain] DeferredRepositoryInitializationListener : Triggering deferred initialization of Spring Data repositories…
2020-09-10 22:34:39.445  INFO 7680 --- [task-1] o.h.e.t.j.p.i.JtaPlatformInitiator       : HHH000490: Using JtaPlatform implementation: [org.hibernate.engine.transaction.jta.platform.internal.NoJtaPlatform]
2020-09-10 22:34:39.453  INFO 7680 --- [task-1] j.LocalContainerEntityManagerFactoryBean : Initialized JPA EntityManagerFactory for persistence unit 'default'
2020-09-10 22:34:40.069  INFO 7680 --- [restartedMain] DeferredRepositoryInitializationListener : Spring Data repositories initialized!
2020-09-10 22:34:40.088  INFO 7680 --- [restartedMain] com.myblog.blog.BlogApplication          : Started BlogApplication in 6.021 seconds (JVM running for 8.249)
2020-09-10 22:34:48.613  INFO 7680 --- [http-nio-8080-exec-1] o.a.c.c.C.[Tomcat].[localhost].[/]       : Initializing Spring DispatcherServlet 'dispatcherServlet'
2020-09-10 22:34:48.614  INFO 7680 --- [http-nio-8080-exec-1] o.s.web.servlet.DispatcherServlet        : Initializing Servlet 'dispatcherServlet'
2020-09-10 22:34:48.629  INFO 7680 --- [http-nio-8080-exec-1] o.s.web.servlet.DispatcherServlet        : Completed initialization in 15 ms
2020-09-10 22:34:49.254  WARN 7680 --- [http-nio-8080-exec-1] o.a.c.util.SessionIdGeneratorBase        : Creation of SecureRandom instance for session ID generation using [SHA1PRNG] took [610] milliseconds.
2020-09-10 22:38:44.685  INFO 22116 --- [restartedMain] com.myblog.blog.BlogApplication          : Starting BlogApplication on 4Godsake with PID 22116 (E:\Javaweb\myblog\target\classes started by 1 in E:\Javaweb\myblog)
2020-09-10 22:38:44.689 DEBUG 22116 --- [restartedMain] com.myblog.blog.BlogApplication          : Running with Spring Boot v2.3.3.RELEASE, Spring v5.2.8.RELEASE
2020-09-10 22:38:44.690  INFO 22116 --- [restartedMain] com.myblog.blog.BlogApplication          : No active profile set, falling back to default profiles: default
2020-09-10 22:38:44.772  INFO 22116 --- [restartedMain] .e.DevToolsPropertyDefaultsPostProcessor : Devtools property defaults active! Set 'spring.devtools.add-properties' to 'false' to disable
2020-09-10 22:38:44.773  INFO 22116 --- [restartedMain] .e.DevToolsPropertyDefaultsPostProcessor : For additional web related logging consider setting the 'logging.level.web' property to 'DEBUG'
2020-09-10 22:38:45.457  INFO 22116 --- [restartedMain] .s.d.r.c.RepositoryConfigurationDelegate : Bootstrapping Spring Data JPA repositories in DEFERRED mode.
2020-09-10 22:38:45.530  INFO 22116 --- [restartedMain] .s.d.r.c.RepositoryConfigurationDelegate : Finished Spring Data repository scanning in 66ms. Found 4 JPA repository interfaces.
2020-09-10 22:38:46.233  INFO 22116 --- [restartedMain] o.s.b.w.embedded.tomcat.TomcatWebServer  : Tomcat initialized with port(s): 8080 (http)
2020-09-10 22:38:46.242  INFO 22116 --- [restartedMain] o.apache.catalina.core.StandardService   : Starting service [Tomcat]
2020-09-10 22:38:46.243  INFO 22116 --- [restartedMain] org.apache.catalina.core.StandardEngine  : Starting Servlet engine: [Apache Tomcat/9.0.37]
2020-09-10 22:38:46.444  INFO 22116 --- [restartedMain] o.a.c.c.C.[Tomcat].[localhost].[/]       : Initializing Spring embedded WebApplicationContext
2020-09-10 22:38:46.445  INFO 22116 --- [restartedMain] w.s.c.ServletWebServerApplicationContext : Root WebApplicationContext: initialization completed in 1672 ms
2020-09-10 22:38:46.637  INFO 22116 --- [restartedMain] o.s.s.concurrent.ThreadPoolTaskExecutor  : Initializing ExecutorService 'applicationTaskExecutor'
2020-09-10 22:38:46.690  INFO 22116 --- [task-1] o.hibernate.jpa.internal.util.LogHelper  : HHH000204: Processing PersistenceUnitInfo [name: default]
2020-09-10 22:38:46.736  INFO 22116 --- [task-1] org.hibernate.Version                    : HHH000412: Hibernate ORM core version 5.4.20.Final
2020-09-10 22:38:46.813  WARN 22116 --- [restartedMain] JpaBaseConfiguration$JpaWebConfiguration : spring.jpa.open-in-view is enabled by default. Therefore, database queries may be performed during view rendering. Explicitly configure spring.jpa.open-in-view to disable this warning
2020-09-10 22:38:46.846  INFO 22116 --- [task-1] o.hibernate.annotations.common.Version   : HCANN000001: Hibernate Commons Annotations {5.1.0.Final}
2020-09-10 22:38:46.935  WARN 22116 --- [task-1] com.zaxxer.hikari.HikariConfig           : HikariPool-1 - idleTimeout is close to or more than maxLifetime, disabling it.
2020-09-10 22:38:46.937  INFO 22116 --- [task-1] com.zaxxer.hikari.HikariDataSource       : HikariPool-1 - Starting...
2020-09-10 22:38:47.145  INFO 22116 --- [restartedMain] o.s.b.a.w.s.WelcomePageHandlerMapping    : Adding welcome page template: index
2020-09-10 22:38:47.315  INFO 22116 --- [task-1] com.zaxxer.hikari.HikariDataSource       : HikariPool-1 - Start completed.
2020-09-10 22:38:47.332  INFO 22116 --- [task-1] org.hibernate.dialect.Dialect            : HHH000400: Using dialect: org.hibernate.dialect.MySQL55Dialect
2020-09-10 22:38:47.658  INFO 22116 --- [restartedMain] o.s.b.d.a.OptionalLiveReloadServer       : LiveReload server is running on port 35729
2020-09-10 22:38:47.707  INFO 22116 --- [restartedMain] o.s.b.w.embedded.tomcat.TomcatWebServer  : Tomcat started on port(s): 8080 (http) with context path ''
2020-09-10 22:38:47.709  INFO 22116 --- [restartedMain] DeferredRepositoryInitializationListener : Triggering deferred initialization of Spring Data repositories…
2020-09-10 22:38:48.716  INFO 22116 --- [http-nio-8080-exec-1] o.a.c.c.C.[Tomcat].[localhost].[/]       : Initializing Spring DispatcherServlet 'dispatcherServlet'
2020-09-10 22:38:48.717  INFO 22116 --- [http-nio-8080-exec-1] o.s.web.servlet.DispatcherServlet        : Initializing Servlet 'dispatcherServlet'
2020-09-10 22:38:48.918  INFO 22116 --- [task-1] o.h.e.t.j.p.i.JtaPlatformInitiator       : HHH000490: Using JtaPlatform implementation: [org.hibernate.engine.transaction.jta.platform.internal.NoJtaPlatform]
2020-09-10 22:38:48.928  INFO 22116 --- [task-1] j.LocalContainerEntityManagerFactoryBean : Initialized JPA EntityManagerFactory for persistence unit 'default'
2020-09-10 22:38:49.217  INFO 22116 --- [http-nio-8080-exec-1] o.s.web.servlet.DispatcherServlet        : Completed initialization in 500 ms
2020-09-10 22:38:49.690  INFO 22116 --- [restartedMain] DeferredRepositoryInitializationListener : Spring Data repositories initialized!
2020-09-10 22:38:49.701  INFO 22116 --- [restartedMain] com.myblog.blog.BlogApplication          : Started BlogApplication in 5.589 seconds (JVM running for 8.287)
2020-09-10 22:38:50.239  WARN 22116 --- [http-nio-8080-exec-1] o.a.c.util.SessionIdGeneratorBase        : Creation of SecureRandom instance for session ID generation using [SHA1PRNG] took [1,002] milliseconds.
2020-09-10 23:04:20.285  INFO 22412 --- [restartedMain] com.myblog.blog.BlogApplication          : Starting BlogApplication on 4Godsake with PID 22412 (E:\Javaweb\myblog\target\classes started by 1 in E:\Javaweb\myblog)
2020-09-10 23:04:20.288 DEBUG 22412 --- [restartedMain] com.myblog.blog.BlogApplication          : Running with Spring Boot v2.3.3.RELEASE, Spring v5.2.8.RELEASE
2020-09-10 23:04:20.289  INFO 22412 --- [restartedMain] com.myblog.blog.BlogApplication          : No active profile set, falling back to default profiles: default
2020-09-10 23:04:20.379  INFO 22412 --- [restartedMain] .e.DevToolsPropertyDefaultsPostProcessor : Devtools property defaults active! Set 'spring.devtools.add-properties' to 'false' to disable
2020-09-10 23:04:20.379  INFO 22412 --- [restartedMain] .e.DevToolsPropertyDefaultsPostProcessor : For additional web related logging consider setting the 'logging.level.web' property to 'DEBUG'
2020-09-10 23:04:21.148  INFO 22412 --- [restartedMain] .s.d.r.c.RepositoryConfigurationDelegate : Bootstrapping Spring Data JPA repositories in DEFERRED mode.
2020-09-10 23:04:21.225  INFO 22412 --- [restartedMain] .s.d.r.c.RepositoryConfigurationDelegate : Finished Spring Data repository scanning in 69ms. Found 4 JPA repository interfaces.
2020-09-10 23:04:21.954  INFO 22412 --- [restartedMain] o.s.b.w.embedded.tomcat.TomcatWebServer  : Tomcat initialized with port(s): 8080 (http)
2020-09-10 23:04:21.965  INFO 22412 --- [restartedMain] o.apache.catalina.core.StandardService   : Starting service [Tomcat]
2020-09-10 23:04:21.966  INFO 22412 --- [restartedMain] org.apache.catalina.core.StandardEngine  : Starting Servlet engine: [Apache Tomcat/9.0.37]
2020-09-10 23:04:22.167  INFO 22412 --- [restartedMain] o.a.c.c.C.[Tomcat].[localhost].[/]       : Initializing Spring embedded WebApplicationContext
2020-09-10 23:04:22.168  INFO 22412 --- [restartedMain] w.s.c.ServletWebServerApplicationContext : Root WebApplicationContext: initialization completed in 1787 ms
2020-09-10 23:04:22.366  INFO 22412 --- [restartedMain] o.s.s.concurrent.ThreadPoolTaskExecutor  : Initializing ExecutorService 'applicationTaskExecutor'
2020-09-10 23:04:22.415  INFO 22412 --- [task-1] o.hibernate.jpa.internal.util.LogHelper  : HHH000204: Processing PersistenceUnitInfo [name: default]
2020-09-10 23:04:22.466  INFO 22412 --- [task-1] org.hibernate.Version                    : HHH000412: Hibernate ORM core version 5.4.20.Final
2020-09-10 23:04:22.545  WARN 22412 --- [restartedMain] JpaBaseConfiguration$JpaWebConfiguration : spring.jpa.open-in-view is enabled by default. Therefore, database queries may be performed during view rendering. Explicitly configure spring.jpa.open-in-view to disable this warning
2020-09-10 23:04:22.587  INFO 22412 --- [task-1] o.hibernate.annotations.common.Version   : HCANN000001: Hibernate Commons Annotations {5.1.0.Final}
2020-09-10 23:04:22.696  WARN 22412 --- [task-1] com.zaxxer.hikari.HikariConfig           : HikariPool-1 - idleTimeout is close to or more than maxLifetime, disabling it.
2020-09-10 23:04:22.697  INFO 22412 --- [task-1] com.zaxxer.hikari.HikariDataSource       : HikariPool-1 - Starting...
2020-09-10 23:04:22.895  INFO 22412 --- [restartedMain] o.s.b.a.w.s.WelcomePageHandlerMapping    : Adding welcome page template: index
2020-09-10 23:04:23.157  INFO 22412 --- [task-1] com.zaxxer.hikari.HikariDataSource       : HikariPool-1 - Start completed.
2020-09-10 23:04:23.173  INFO 22412 --- [task-1] org.hibernate.dialect.Dialect            : HHH000400: Using dialect: org.hibernate.dialect.MySQL55Dialect
2020-09-10 23:04:23.349  INFO 22412 --- [restartedMain] o.s.b.d.a.OptionalLiveReloadServer       : LiveReload server is running on port 35729
2020-09-10 23:04:23.400  INFO 22412 --- [restartedMain] o.s.b.w.embedded.tomcat.TomcatWebServer  : Tomcat started on port(s): 8080 (http) with context path ''
2020-09-10 23:04:23.402  INFO 22412 --- [restartedMain] DeferredRepositoryInitializationListener : Triggering deferred initialization of Spring Data repositories…
2020-09-10 23:04:24.894  INFO 22412 --- [task-1] o.h.e.t.j.p.i.JtaPlatformInitiator       : HHH000490: Using JtaPlatform implementation: [org.hibernate.engine.transaction.jta.platform.internal.NoJtaPlatform]
2020-09-10 23:04:24.899  INFO 22412 --- [task-1] j.LocalContainerEntityManagerFactoryBean : Initialized JPA EntityManagerFactory for persistence unit 'default'
2020-09-10 23:04:25.333  INFO 22412 --- [restartedMain] DeferredRepositoryInitializationListener : Spring Data repositories initialized!
2020-09-10 23:04:25.344  INFO 22412 --- [restartedMain] com.myblog.blog.BlogApplication          : Started BlogApplication in 5.823 seconds (JVM running for 7.793)
2020-09-10 23:05:54.126  INFO 3652 --- [restartedMain] com.myblog.blog.BlogApplication          : Starting BlogApplication on 4Godsake with PID 3652 (E:\Javaweb\myblog\target\classes started by 1 in E:\Javaweb\myblog)
2020-09-10 23:05:54.148 DEBUG 3652 --- [restartedMain] com.myblog.blog.BlogApplication          : Running with Spring Boot v2.3.3.RELEASE, Spring v5.2.8.RELEASE
2020-09-10 23:05:54.149  INFO 3652 --- [restartedMain] com.myblog.blog.BlogApplication          : No active profile set, falling back to default profiles: default
2020-09-10 23:05:54.249  INFO 3652 --- [restartedMain] .e.DevToolsPropertyDefaultsPostProcessor : Devtools property defaults active! Set 'spring.devtools.add-properties' to 'false' to disable
2020-09-10 23:05:54.249  INFO 3652 --- [restartedMain] .e.DevToolsPropertyDefaultsPostProcessor : For additional web related logging consider setting the 'logging.level.web' property to 'DEBUG'
2020-09-10 23:05:55.134  INFO 3652 --- [restartedMain] .s.d.r.c.RepositoryConfigurationDelegate : Bootstrapping Spring Data JPA repositories in DEFERRED mode.
2020-09-10 23:05:55.214  INFO 3652 --- [restartedMain] .s.d.r.c.RepositoryConfigurationDelegate : Finished Spring Data repository scanning in 72ms. Found 4 JPA repository interfaces.
2020-09-10 23:05:55.985  INFO 3652 --- [restartedMain] o.s.b.w.embedded.tomcat.TomcatWebServer  : Tomcat initialized with port(s): 8080 (http)
2020-09-10 23:05:55.993  INFO 3652 --- [restartedMain] o.apache.catalina.core.StandardService   : Starting service [Tomcat]
2020-09-10 23:05:55.993  INFO 3652 --- [restartedMain] org.apache.catalina.core.StandardEngine  : Starting Servlet engine: [Apache Tomcat/9.0.37]
2020-09-10 23:05:56.174  INFO 3652 --- [restartedMain] o.a.c.c.C.[Tomcat].[localhost].[/]       : Initializing Spring embedded WebApplicationContext
2020-09-10 23:05:56.174  INFO 3652 --- [restartedMain] w.s.c.ServletWebServerApplicationContext : Root WebApplicationContext: initialization completed in 1925 ms
2020-09-10 23:05:56.387  INFO 3652 --- [restartedMain] o.s.s.concurrent.ThreadPoolTaskExecutor  : Initializing ExecutorService 'applicationTaskExecutor'
2020-09-10 23:05:56.452  INFO 3652 --- [task-1] o.hibernate.jpa.internal.util.LogHelper  : HHH000204: Processing PersistenceUnitInfo [name: default]
2020-09-10 23:05:56.501  INFO 3652 --- [task-1] org.hibernate.Version                    : HHH000412: Hibernate ORM core version 5.4.20.Final
2020-09-10 23:05:56.588  WARN 3652 --- [restartedMain] JpaBaseConfiguration$JpaWebConfiguration : spring.jpa.open-in-view is enabled by default. Therefore, database queries may be performed during view rendering. Explicitly configure spring.jpa.open-in-view to disable this warning
2020-09-10 23:05:56.620  INFO 3652 --- [task-1] o.hibernate.annotations.common.Version   : HCANN000001: Hibernate Commons Annotations {5.1.0.Final}
2020-09-10 23:05:56.731  WARN 3652 --- [task-1] com.zaxxer.hikari.HikariConfig           : HikariPool-1 - idleTimeout is close to or more than maxLifetime, disabling it.
2020-09-10 23:05:56.731  INFO 3652 --- [task-1] com.zaxxer.hikari.HikariDataSource       : HikariPool-1 - Starting...
2020-09-10 23:05:56.951  INFO 3652 --- [restartedMain] o.s.b.a.w.s.WelcomePageHandlerMapping    : Adding welcome page template: index
2020-09-10 23:05:57.139  INFO 3652 --- [task-1] com.zaxxer.hikari.HikariDataSource       : HikariPool-1 - Start completed.
2020-09-10 23:05:57.157  INFO 3652 --- [task-1] org.hibernate.dialect.Dialect            : HHH000400: Using dialect: org.hibernate.dialect.MySQL55Dialect
2020-09-10 23:05:57.394  INFO 3652 --- [restartedMain] o.s.b.d.a.OptionalLiveReloadServer       : LiveReload server is running on port 35729
2020-09-10 23:05:57.438  INFO 3652 --- [restartedMain] o.s.b.w.embedded.tomcat.TomcatWebServer  : Tomcat started on port(s): 8080 (http) with context path ''
2020-09-10 23:05:57.439  INFO 3652 --- [restartedMain] DeferredRepositoryInitializationListener : Triggering deferred initialization of Spring Data repositories…
2020-09-10 23:05:58.755  INFO 3652 --- [task-1] o.h.e.t.j.p.i.JtaPlatformInitiator       : HHH000490: Using JtaPlatform implementation: [org.hibernate.engine.transaction.jta.platform.internal.NoJtaPlatform]
2020-09-10 23:05:58.763  INFO 3652 --- [task-1] j.LocalContainerEntityManagerFactoryBean : Initialized JPA EntityManagerFactory for persistence unit 'default'
2020-09-10 23:05:59.172  INFO 3652 --- [restartedMain] DeferredRepositoryInitializationListener : Spring Data repositories initialized!
2020-09-10 23:05:59.183  INFO 3652 --- [restartedMain] com.myblog.blog.BlogApplication          : Started BlogApplication in 5.699 seconds (JVM running for 7.94)
2020-09-10 23:55:14.905  INFO 9512 --- [restartedMain] com.myblog.blog.BlogApplication          : Starting BlogApplication on 4Godsake with PID 9512 (E:\Javaweb\myblog\target\classes started by 1 in E:\Javaweb\myblog)
2020-09-10 23:55:14.909 DEBUG 9512 --- [restartedMain] com.myblog.blog.BlogApplication          : Running with Spring Boot v2.3.3.RELEASE, Spring v5.2.8.RELEASE
2020-09-10 23:55:14.910  INFO 9512 --- [restartedMain] com.myblog.blog.BlogApplication          : No active profile set, falling back to default profiles: default
2020-09-10 23:55:14.971  INFO 9512 --- [restartedMain] .e.DevToolsPropertyDefaultsPostProcessor : Devtools property defaults active! Set 'spring.devtools.add-properties' to 'false' to disable
2020-09-10 23:55:14.972  INFO 9512 --- [restartedMain] .e.DevToolsPropertyDefaultsPostProcessor : For additional web related logging consider setting the 'logging.level.web' property to 'DEBUG'
2020-09-10 23:55:15.675  INFO 9512 --- [restartedMain] .s.d.r.c.RepositoryConfigurationDelegate : Bootstrapping Spring Data JPA repositories in DEFERRED mode.
2020-09-10 23:55:15.766  INFO 9512 --- [restartedMain] .s.d.r.c.RepositoryConfigurationDelegate : Finished Spring Data repository scanning in 84ms. Found 4 JPA repository interfaces.
2020-09-10 23:55:16.576  INFO 9512 --- [restartedMain] o.s.b.w.embedded.tomcat.TomcatWebServer  : Tomcat initialized with port(s): 8080 (http)
2020-09-10 23:55:16.585  INFO 9512 --- [restartedMain] o.apache.catalina.core.StandardService   : Starting service [Tomcat]
2020-09-10 23:55:16.586  INFO 9512 --- [restartedMain] org.apache.catalina.core.StandardEngine  : Starting Servlet engine: [Apache Tomcat/9.0.37]
2020-09-10 23:55:16.764  INFO 9512 --- [restartedMain] o.a.c.c.C.[Tomcat].[localhost].[/]       : Initializing Spring embedded WebApplicationContext
2020-09-10 23:55:16.764  INFO 9512 --- [restartedMain] w.s.c.ServletWebServerApplicationContext : Root WebApplicationContext: initialization completed in 1792 ms
2020-09-10 23:55:16.959  INFO 9512 --- [restartedMain] o.s.s.concurrent.ThreadPoolTaskExecutor  : Initializing ExecutorService 'applicationTaskExecutor'
2020-09-10 23:55:17.013  INFO 9512 --- [task-1] o.hibernate.jpa.internal.util.LogHelper  : HHH000204: Processing PersistenceUnitInfo [name: default]
2020-09-10 23:55:17.058  INFO 9512 --- [task-1] org.hibernate.Version                    : HHH000412: Hibernate ORM core version 5.4.20.Final
2020-09-10 23:55:17.135  WARN 9512 --- [restartedMain] JpaBaseConfiguration$JpaWebConfiguration : spring.jpa.open-in-view is enabled by default. Therefore, database queries may be performed during view rendering. Explicitly configure spring.jpa.open-in-view to disable this warning
2020-09-10 23:55:17.175  INFO 9512 --- [task-1] o.hibernate.annotations.common.Version   : HCANN000001: Hibernate Commons Annotations {5.1.0.Final}
2020-09-10 23:55:17.270  WARN 9512 --- [task-1] com.zaxxer.hikari.HikariConfig           : HikariPool-1 - idleTimeout is close to or more than maxLifetime, disabling it.
2020-09-10 23:55:17.270  INFO 9512 --- [task-1] com.zaxxer.hikari.HikariDataSource       : HikariPool-1 - Starting...
2020-09-10 23:55:17.466  INFO 9512 --- [restartedMain] o.s.b.a.w.s.WelcomePageHandlerMapping    : Adding welcome page template: index
2020-09-10 23:55:17.860  INFO 9512 --- [restartedMain] o.s.b.d.a.OptionalLiveReloadServer       : LiveReload server is running on port 35729
2020-09-10 23:55:17.913  INFO 9512 --- [restartedMain] o.s.b.w.embedded.tomcat.TomcatWebServer  : Tomcat started on port(s): 8080 (http) with context path ''
2020-09-10 23:55:17.915  INFO 9512 --- [restartedMain] DeferredRepositoryInitializationListener : Triggering deferred initialization of Spring Data repositories…
2020-09-10 23:55:17.945  INFO 9512 --- [task-1] com.zaxxer.hikari.HikariDataSource       : HikariPool-1 - Start completed.
2020-09-10 23:55:17.962  INFO 9512 --- [task-1] org.hibernate.dialect.Dialect            : HHH000400: Using dialect: org.hibernate.dialect.MySQL55Dialect
2020-09-10 23:55:19.742  INFO 9512 --- [task-1] o.h.e.t.j.p.i.JtaPlatformInitiator       : HHH000490: Using JtaPlatform implementation: [org.hibernate.engine.transaction.jta.platform.internal.NoJtaPlatform]
2020-09-10 23:55:19.750  INFO 9512 --- [task-1] j.LocalContainerEntityManagerFactoryBean : Initialized JPA EntityManagerFactory for persistence unit 'default'
2020-09-10 23:55:20.177  INFO 9512 --- [restartedMain] DeferredRepositoryInitializationListener : Spring Data repositories initialized!
2020-09-10 23:55:20.186  INFO 9512 --- [restartedMain] com.myblog.blog.BlogApplication          : Started BlogApplication in 6.011 seconds (JVM running for 8.099)
